**************************** SYSTEM DETAILS *************************************************************
NAME="SLES"
VERSION="15-SP1"
VERSION_ID="15.1"
PRETTY_NAME="SUSE Linux Enterprise Server 15 SP1"
ID="sles"
ID_LIKE="suse"
ANSI_COLOR="0;32"
CPE_NAME="cpe:/o:suse:sles:15:sp1"
Linux version 4.4.0-151-generic (buildd@bos02-s390x-016) (gcc version 5.4.0 20160609 (Ubuntu 5.4.0-6ubuntu1~16.04.10) ) #178-Ubuntu SMP Tue Jun 11 08:33:12 UTC 2019
*********************************************************************************************************
Request details : PACKAGE NAME= mesos , VERSION= 1.8.1 
Sudo : Yes
User responded with Yes. 
Installing mesos 1.8.1 for sles-15.1 
Refreshing service 'container-suseconnect-zypp'.
Problem retrieving the repository index file for service 'container-suseconnect-zypp':
[container-suseconnect-zypp|file:/usr/lib/zypp/plugins/services/container-suseconnect-zypp] 
Warning: Skipping service 'container-suseconnect-zypp' because of the above error.
Loading repository data...
Reading installed packages...
'libapr1-devel' not found in package names. Trying capabilities.
'python-pip' not found in package names. Trying capabilities.
'python-six' not found in package names. Trying capabilities.
Resolving package dependencies...

The following 72 NEW packages are going to be installed:
  apr-devel apr-util-devel autoconf automake binutils bzip2 cpp cpp7 curl cyrus-sasl cyrus-sasl-crammd5 cyrus-sasl-devel gcc gcc-c++ gcc7 gcc7-c++ git glibc-devel gzip java-1_8_0-ibm java-1_8_0-ibm-devel keyutils-devel krb5-devel libXft2 libapr-util1 libapr1 libasan4 libatomic1 libcares2 libcom_err-devel libcurl-devel libdb-4_8-devel libexpat-devel libgomp1 libisl15 libitm1 libltdl7 libmetalink3 libmpc3 libmpfr6 libopenssl-1_1-devel libopenssl-devel libpython2_7-1_0 libserf-1-1 libserf-devel libstdc++6-devel-gcc7 libtool libubsan0 libutf8proc2 libverto-devel linux-glibc-devel m4 make openldap2-devel patch python python-base python-devel python-rpm-macros python-xml python2-appdirs python2-packaging python2-pip python2-pyparsing python2-setuptools python2-six sqlite3-devel subversion subversion-devel tar wget zlib-devel

72 new packages to install.
Overall download size: 174.8 MiB. Already cached: 0 B. After the operation, additional 508.1 MiB will be used.
Continue? [y/n/v/...? shows all options] (y): y
Automatically agreeing with java-1_8_0-ibm package license.
Automatically agreeing with java-1_8_0-ibm-devel package license.
Retrieving package binutils-2.31-5.31.s390x (1/72),   5.4 MiB ( 45.6 MiB unpacked)
Retrieving: binutils-2.31-5.31.s390x.rpm [.Retrieving: binutils-2.31-5.31.s390x.rpm [.done (3.3 MiB/s)]
Retrieving package cyrus-sasl-2.1.26-5.3.1.s390x (2/72),  55.3 KiB (166.6 KiB unpacked)
Retrieving: cyrus-sasl-2.1.26-5.3.1.s390x.rpm [done]
Retrieving package gzip-1.9-2.21.s390x (3/72), 141.1 KiB (315.5 KiB unpacked)
Retrieving: gzip-1.9-2.21.s390x.rpm [done]
Retrieving package libXft2-2.3.2-1.33.s390x (4/72),  41.7 KiB ( 99.3 KiB unpacked)
Retrieving: libXft2-2.3.2-1.33.s390x.rpm [done]
Retrieving package libapr1-1.6.3-1.3.s390x (5/72), 111.0 KiB (276.5 KiB unpacked)
Retrieving: libapr1-1.6.3-1.3.s390x.rpm [done]
Retrieving package libasan4-7.4.1+r270528-4.6.1.s390x (6/72), 315.2 KiB (  1.4 MiB unpacked)
Retrieving: libasan4-7.4.1+r270528-4.6.1.s390x.rpm [.done (315.2 KiB/s)]
Retrieving package libatomic1-8.2.1+r264010-1.3.7.s390x (7/72),  20.4 KiB ( 26.0 KiB unpacked)
Retrieving: libatomic1-8.2.1+r264010-1.3.7.s390x.rpm [done]
Retrieving package libcares2-1.14.0-1.17.s390x (8/72),  42.2 KiB ( 79.4 KiB unpacked)
Retrieving: libcares2-1.14.0-1.17.s390x.rpm [done]
Retrieving package libgomp1-8.2.1+r264010-1.3.7.s390x (9/72),  80.1 KiB (207.1 KiB unpacked)
Retrieving: libgomp1-8.2.1+r264010-1.3.7.s390x.rpm [done]
Retrieving package libisl15-0.18-1.443.s390x (10/72), 516.3 KiB (  1.9 MiB unpacked)
Retrieving: libisl15-0.18-1.443.s390x.rpm [done]
Retrieving package libitm1-8.2.1+r264010-1.3.7.s390x (11/72),  38.5 KiB (126.5 KiB unpacked)
Retrieving: libitm1-8.2.1+r264010-1.3.7.s390x.rpm [done]
Retrieving package libltdl7-2.4.6-1.406.s390x (12/72),  34.8 KiB ( 42.5 KiB unpacked)
Retrieving: libltdl7-2.4.6-1.406.s390x.rpm [done]
Retrieving package libmetalink3-0.1.3-1.24.s390x (13/72),  26.9 KiB ( 76.6 KiB unpacked)
Retrieving: libmetalink3-0.1.3-1.24.s390x.rpm [.done]
Retrieving package libmpfr6-4.0.1-1.46.s390x (14/72), 204.7 KiB (572.8 KiB unpacked)
Retrieving: libmpfr6-4.0.1-1.46.s390x.rpm [done]
Retrieving package libpython2_7-1_0-2.7.14-7.11.1.s390x (15/72), 711.4 KiB (  2.3 MiB unpacked)
Retrieving: libpython2_7-1_0-2.7.14-7.11.1.s390x.rpm [done]
Retrieving package libubsan0-7.4.1+r270528-4.6.1.s390x (16/72), 126.6 KiB (333.5 KiB unpacked)
Retrieving: libubsan0-7.4.1+r270528-4.6.1.s390x.rpm [done]
Retrieving package libutf8proc2-2.1.0-1.7.s390x (17/72),  57.5 KiB (308.6 KiB unpacked)
Retrieving: libutf8proc2-2.1.0-1.7.s390x.rpm [done]
Retrieving package libverto-devel-0.2.6-3.20.s390x (18/72),  14.4 KiB ( 25.4 KiB unpacked)
Retrieving: libverto-devel-0.2.6-3.20.s390x.rpm [.done (14.4 KiB/s)]
Retrieving package linux-glibc-devel-4.15-1.47.noarch (19/72),   1.3 MiB (  5.7 MiB unpacked)
Retrieving: linux-glibc-devel-4.15-1.47.noarch.rpm [done]
Retrieving package m4-1.4.18-2.138.s390x (20/72), 199.2 KiB (349.8 KiB unpacked)
Retrieving: m4-1.4.18-2.138.s390x.rpm [done]
Retrieving package make-4.2.1-7.3.2.s390x (21/72), 275.8 KiB (415.0 KiB unpacked)
Retrieving: make-4.2.1-7.3.2.s390x.rpm [.done (194.2 KiB/s)]
Retrieving package patch-2.7.6-3.5.s390x (22/72), 123.8 KiB (272.5 KiB unpacked)
Retrieving: patch-2.7.6-3.5.s390x.rpm [done]
Retrieving package python-rpm-macros-20190408.32abece-3.5.1.noarch (23/72),  25.2 KiB ( 46.0 KiB unpacked)
Retrieving: python-rpm-macros-20190408.32abece-3.5.1.noarch.rpm [done]
Retrieving package tar-1.30-3.3.2.s390x (24/72), 208.3 KiB (535.5 KiB unpacked)
Retrieving: tar-1.30-3.3.2.s390x.rpm [done]
Retrieving package cyrus-sasl-crammd5-2.1.26-5.3.1.s390x (25/72),  22.9 KiB ( 22.3 KiB unpacked)
Retrieving: cyrus-sasl-crammd5-2.1.26-5.3.1.s390x.rpm [.done (8.0 KiB/s)]
Retrieving package libapr-util1-1.6.1-4.3.8.s390x (26/72),  99.4 KiB (268.1 KiB unpacked)
Retrieving: libapr-util1-1.6.1-4.3.8.s390x.rpm [done]
Retrieving package apr-devel-1.6.3-1.3.s390x (27/72), 643.3 KiB (  7.7 MiB unpacked)
Retrieving: apr-devel-1.6.3-1.3.s390x.rpm [done]
Retrieving package wget-1.19.5-3.6.2.s390x (28/72), 654.0 KiB (  2.8 MiB unpacked)
Retrieving: wget-1.19.5-3.6.2.s390x.rpm [done]
Retrieving package libmpc3-1.1.0-1.47.s390x (29/72),  47.3 KiB (111.4 KiB unpacked)
Retrieving: libmpc3-1.1.0-1.47.s390x.rpm [done]
Retrieving package autoconf-2.69-1.445.noarch (30/72), 711.2 KiB (  2.2 MiB unpacked)
Retrieving: autoconf-2.69-1.445.noarch.rpm [.done]
Retrieving package python-base-2.7.14-7.11.1.s390x (31/72),   5.6 MiB ( 23.4 MiB unpacked)
Retrieving: python-base-2.7.14-7.11.1.s390x.rpm [.done (2.9 MiB/s)]
Retrieving package libserf-1-1-1.3.9-2.31.s390x (32/72),  71.4 KiB (157.4 KiB unpacked)
Retrieving: libserf-1-1-1.3.9-2.31.s390x.rpm [done]
Retrieving package cpp7-7.4.1+r270528-4.6.1.s390x (33/72),   5.9 MiB ( 17.3 MiB unpacked)
Retrieving: cpp7-7.4.1+r270528-4.6.1.s390x.rpm [done]
Retrieving package automake-1.15.1-2.145.noarch (34/72), 842.5 KiB (  2.5 MiB unpacked)
Retrieving: automake-1.15.1-2.145.noarch.rpm [.done (74.9 KiB/s)]
Retrieving package python-2.7.14-7.11.1.s390x (35/72), 309.5 KiB (  1.5 MiB unpacked)
Retrieving: python-2.7.14-7.11.1.s390x.rpm [done]
Retrieving package subversion-1.10.0-3.3.1.s390x (36/72),   2.6 MiB ( 10.2 MiB unpacked)
Retrieving: subversion-1.10.0-3.3.1.s390x.rpm [.done (944.6 KiB/s)]
Retrieving package cpp-7-3.3.22.s390x (37/72),  11.6 KiB (   82   B unpacked)
Retrieving: cpp-7-3.3.22.s390x.rpm [done]
Retrieving package libtool-2.4.6-1.406.s390x (38/72), 751.5 KiB (  3.5 MiB unpacked)
Retrieving: libtool-2.4.6-1.406.s390x.rpm [done]
Retrieving package bzip2-1.0.6-5.6.1.s390x (39/72),  44.7 KiB ( 76.9 KiB unpacked)
Retrieving: bzip2-1.0.6-5.6.1.s390x.rpm [.Retrieving: bzip2-1.0.6-5.6.1.s390x.rpm [done]
Retrieving package curl-7.60.0-3.20.1.s390x (40/72), 289.7 KiB (499.4 KiB unpacked)
Retrieving: curl-7.60.0-3.20.1.s390x.rpm [.done]
Retrieving package glibc-devel-2.26-13.24.1.s390x (41/72),   1.1 MiB (  4.7 MiB unpacked)
Retrieving: glibc-devel-2.26-13.24.1.s390x.rpm [done]
Retrieving package libexpat-devel-2.2.5-3.3.1.s390x (42/72),  29.9 KiB ( 51.5 KiB unpacked)
Retrieving: libexpat-devel-2.2.5-3.3.1.s390x.rpm [done]
Retrieving package libcurl-devel-7.60.0-3.20.1.s390x (43/72), 722.5 KiB (793.6 KiB unpacked)
Retrieving: libcurl-devel-7.60.0-3.20.1.s390x.rpm [.done (536.4 KiB/s)]
Retrieving package libcom_err-devel-1.43.8-4.6.1.s390x (44/72),  25.4 KiB ( 26.7 KiB unpacked)
Retrieving: libcom_err-devel-1.43.8-4.6.1.s390x.rpm [done]
Retrieving package git-2.16.4-3.9.2.s390x (45/72), 118.5 KiB (  2.9 KiB unpacked)
Retrieving: git-2.16.4-3.9.2.s390x.rpm [......Retrieving: git-2.16.4-3.9.2.s390x.rpm [.done (118.5 KiB/s)]
Retrieving package java-1_8_0-ibm-1.8.0_sr5.35-3.20.1.s390x (46/72), 100.0 MiB (187.9 MiB unpacked)
Retrieving: java-1_8_0-ibm-1.8.0_sr5.35-3.20.1.s390x.rpm [Retrieving: java-1_8_0-ibm-1.8.0_sr5.35-3.20.1.s390x.rpm [..........done (10.9 MiB/s)]
Retrieving package java-1_8_0-ibm-devel-1.8.0_sr5.35-3.20.1.s390x (47/72),   8.9 MiB ( 10.4 MiB unpacked)
Retrieving: java-1_8_0-ibm-devel-1.8.0_sr5.35-3.20.1.s390x.rpm [.done (1.1 MiB/s)]
Retrieving package python2-six-1.11.0-2.21.noarch (48/72),  33.9 KiB (101.9 KiB unpacked)
Retrieving: python2-six-1.11.0-2.21.noarch.rpm [.Retrieving: python2-six-1.11.0-2.21.noarch.rpm [.done]
Retrieving package python2-pyparsing-2.2.0-1.28.noarch (49/72), 151.8 KiB (769.9 KiB unpacked)
Retrieving: python2-pyparsing-2.2.0-1.28.noarch.rpm [done]
Retrieving package python2-appdirs-1.4.3-1.21.noarch (50/72),  21.9 KiB ( 87.4 KiB unpacked)
Retrieving: python2-appdirs-1.4.3-1.21.noarch.rpm [done]
Retrieving package python-xml-2.7.14-7.11.1.s390x (51/72), 194.1 KiB (990.7 KiB unpacked)
Retrieving: python-xml-2.7.14-7.11.1.s390x.rpm [done]
Retrieving package python-devel-2.7.14-7.11.1.s390x (52/72),   3.5 MiB ( 21.3 MiB unpacked)
Retrieving: python-devel-2.7.14-7.11.1.s390x.rpm [.done (807.9 KiB/s)]
Retrieving package python2-packaging-16.8-1.23.noarch (53/72),  41.1 KiB (185.8 KiB unpacked)
Retrieving: python2-packaging-16.8-1.23.noarch.rpm [done]
Retrieving package python2-setuptools-40.5.0-4.21.noarch (54/72), 589.4 KiB (  2.7 MiB unpacked)
Retrieving: python2-setuptools-40.5.0-4.21.noarch.rpm [done]
Retrieving package python2-pip-10.0.1-1.9.noarch (55/72),   1.5 MiB (  8.3 MiB unpacked)
Retrieving: python2-pip-10.0.1-1.9.noarch.rpm [done]
Retrieving package zlib-devel-1.2.11-3.6.4.s390x (56/72), 116.5 KiB (385.9 KiB unpacked)
Retrieving: zlib-devel-1.2.11-3.6.4.s390x.rpm [.done]
Retrieving package sqlite3-devel-3.28.0-3.6.1.s390x (57/72), 177.2 KiB (579.9 KiB unpacked)
Retrieving: sqlite3-devel-3.28.0-3.6.1.s390x.rpm [done]
Retrieving package libstdc++6-devel-gcc7-7.4.1+r270528-4.6.1.s390x (58/72),   6.7 MiB ( 36.5 MiB unpacked)
Retrieving: libstdc++6-devel-gcc7-7.4.1+r270528-4.6.1.s390x.rpm [.done (6.4 MiB/s)]
Retrieving package libdb-4_8-devel-4.8.30-5.13.s390x (59/72),  44.6 KiB (154.1 KiB unpacked)
Retrieving: libdb-4_8-devel-4.8.30-5.13.s390x.rpm [done]
Retrieving package keyutils-devel-1.5.10-3.42.s390x (60/72),  12.6 KiB (  7.5 KiB unpacked)
Retrieving: keyutils-devel-1.5.10-3.42.s390x.rpm [done]
Retrieving package gcc7-7.4.1+r270528-4.6.1.s390x (61/72),  12.5 MiB ( 47.1 MiB unpacked)
Retrieving: gcc7-7.4.1+r270528-4.6.1.s390x.rpm [.done (10.3 MiB/s)]
Retrieving package cyrus-sasl-devel-2.1.26-5.3.1.s390x (62/72), 341.8 KiB (  1.3 MiB unpacked)
Retrieving: cyrus-sasl-devel-2.1.26-5.3.1.s390x.rpm [done]
Retrieving package libopenssl-1_1-devel-1.1.0i-12.9.s390x (63/72), 229.5 KiB (  1.2 MiB unpacked)
Retrieving: libopenssl-1_1-devel-1.1.0i-12.9.s390x.rpm [done]
Retrieving package gcc7-c++-7.4.1+r270528-4.6.1.s390x (64/72),   6.8 MiB ( 19.2 MiB unpacked)
Retrieving: gcc7-c++-7.4.1+r270528-4.6.1.s390x.rpm [.done (257.8 KiB/s)]
Retrieving package gcc-7-3.3.22.s390x (65/72),  12.6 KiB (    0   B unpacked)
Retrieving: gcc-7-3.3.22.s390x.rpm [done]
Retrieving package openldap2-devel-2.4.46-9.3.1.s390x (66/72), 170.0 KiB (212.5 KiB unpacked)
Retrieving: openldap2-devel-2.4.46-9.3.1.s390x.rpm [.done (2.8 KiB/s)]
Retrieving package libopenssl-devel-1.1.0i-3.3.1.noarch (67/72),  49.7 KiB (  246   B unpacked)
Retrieving: libopenssl-devel-1.1.0i-3.3.1.noarch.rpm [done]
Retrieving package gcc-c++-7-3.3.22.s390x (68/72),  11.4 KiB (    0   B unpacked)
Retrieving: gcc-c++-7-3.3.22.s390x.rpm [done]
Retrieving package apr-util-devel-1.6.1-4.3.8.s390x (69/72), 395.9 KiB (  4.5 MiB unpacked)
Retrieving: apr-util-devel-1.6.1-4.3.8.s390x.rpm [.done (86.7 KiB/s)]
Retrieving package krb5-devel-1.16.3-3.3.4.s390x (70/72), 150.0 KiB (692.1 KiB unpacked)
Retrieving: krb5-devel-1.16.3-3.3.4.s390x.rpm [done]
Retrieving package libserf-devel-1.3.9-2.31.s390x (71/72),  37.4 KiB ( 68.2 KiB unpacked)
Retrieving: libserf-devel-1.3.9-2.31.s390x.rpm [done]
Retrieving package subversion-devel-1.10.0-3.3.1.s390x (72/72),   1.9 MiB ( 24.6 MiB unpacked)
Retrieving: subversion-devel-1.10.0-3.3.1.s390x.rpm [.done (1.1 MiB/s)]
Checking for file conflicts: [.........done]
( 1/72) Installing: binutils-2.31-5.31.s390x [............done]
Additional rpm output:
update-alternatives: using /usr/bin/ld.bfd to provide /usr/bin/ld (ld) in auto mode


( 2/72) Installing: cyrus-sasl-2.1.26-5.3.1.s390x [...........done]
( 3/72) Installing: gzip-1.9-2.21.s390x [..........done]
( 4/72) Installing: libXft2-2.3.2-1.33.s390x [......done]
( 5/72) Installing: libapr1-1.6.3-1.3.s390x [...........done]
( 6/72) Installing: libasan4-7.4.1+r270528-4.6.1.s390x [............done]
( 7/72) Installing: libatomic1-8.2.1+r264010-1.3.7.s390x [....done]
( 8/72) Installing: libcares2-1.14.0-1.17.s390x [......done]
( 9/72) Installing: libgomp1-8.2.1+r264010-1.3.7.s390x [.........done]
(10/72) Installing: libisl15-0.18-1.443.s390x [............done]
(11/72) Installing: libitm1-8.2.1+r264010-1.3.7.s390x [.......done]
(12/72) Installing: libltdl7-2.4.6-1.406.s390x [.....done]
(13/72) Installing: libmetalink3-0.1.3-1.24.s390x [......done]
(14/72) Installing: libmpfr6-4.0.1-1.46.s390x [............done]
(15/72) Installing: libpython2_7-1_0-2.7.14-7.11.1.s390x [............done]
(16/72) Installing: libubsan0-7.4.1+r270528-4.6.1.s390x [.........done]
(17/72) Installing: libutf8proc2-2.1.0-1.7.s390x [.........done]
(18/72) Installing: libverto-devel-0.2.6-3.20.s390x [.....done]
(19/72) Installing: linux-glibc-devel-4.15-1.47.noarch [............done]
(20/72) Installing: m4-1.4.18-2.138.s390x [..........done]
(21/72) Installing: make-4.2.1-7.3.2.s390x [..........done]
(22/72) Installing: patch-2.7.6-3.5.s390x [...........done]
(23/72) Installing: python-rpm-macros-20190408.32abece-3.5.1.noarch [.....done]
(24/72) Installing: tar-1.30-3.3.2.s390x [...........done]
(25/72) Installing: cyrus-sasl-crammd5-2.1.26-5.3.1.s390x [.....done]
(26/72) Installing: libapr-util1-1.6.1-4.3.8.s390x [...........done]
(27/72) Installing: apr-devel-1.6.3-1.3.s390x [............done]
(28/72) Installing: wget-1.19.5-3.6.2.s390x [............done]
(29/72) Installing: libmpc3-1.1.0-1.47.s390x [.......done]
(30/72) Installing: autoconf-2.69-1.445.noarch [............done]
(31/72) Installing: python-base-2.7.14-7.11.1.s390x [............done]
(32/72) Installing: libserf-1-1-1.3.9-2.31.s390x [........done]
(33/72) Installing: cpp7-7.4.1+r270528-4.6.1.s390x [............done]
(34/72) Installing: automake-1.15.1-2.145.noarch [............done]
(35/72) Installing: python-2.7.14-7.11.1.s390x [............done]
(36/72) Installing: subversion-1.10.0-3.3.1.s390x [............done]
Additional rpm output:
Updating /etc/sysconfig/svnserve ...
Failed to connect to bus: No such file or directory
[/usr/lib/tmpfiles.d/svnserve.conf:1] Line references path below legacy directory /var/run/, updating /var/run/svnserve â†’ /run/svnserve; please update the tmpfiles.d/ drop-in file accordingly.


(37/72) Installing: cpp-7-3.3.22.s390x [......done]
(38/72) Installing: libtool-2.4.6-1.406.s390x [............done]
(39/72) Installing: bzip2-1.0.6-5.6.1.s390x [........done]
(40/72) Installing: curl-7.60.0-3.20.1.s390x [...........done]
(41/72) Installing: glibc-devel-2.26-13.24.1.s390x [............done]
(42/72) Installing: libexpat-devel-2.2.5-3.3.1.s390x [......done]
(43/72) Installing: libcurl-devel-7.60.0-3.20.1.s390x [............done]
(44/72) Installing: libcom_err-devel-1.43.8-4.6.1.s390x [.........done]
(45/72) Installing: git-2.16.4-3.9.2.s390x [.....done]
(46/72) Installing: java-1_8_0-ibm-1.8.0_sr5.35-3.20.1.s390x [..............done]
Additional rpm output:
update-alternatives: using /usr/lib64/jvm/jre-1.8.0-ibm to provide /usr/lib64/jvm/jre-ibm (jre_ibm) in auto mode
update-alternatives: error: no alternatives for jce_1.8.0_ibm_local_policy
update-alternatives: using /usr/lib64/jvm-private/java-1.8.0-ibm/jce/vanilla/unlimited/local_policy.jar to provide /usr/lib64/jvm/jre-1.8.0-ibm/lib/security/policy/unlimited/local_policy.jar (jce_1.8.0_ibm_unlimited_local_policy) in auto mode


(47/72) Installing: java-1_8_0-ibm-devel-1.8.0_sr5.35-3.20.1.s390x [............done]
Additional rpm output:
update-alternatives: using /usr/lib64/jvm/java-1.8.0-ibm to provide /usr/lib64/jvm/java-ibm (java_sdk_ibm) in auto mode


(48/72) Installing: python2-six-1.11.0-2.21.noarch [.......done]
(49/72) Installing: python2-pyparsing-2.2.0-1.28.noarch [...........done]
(50/72) Installing: python2-appdirs-1.4.3-1.21.noarch [.......done]
(51/72) Installing: python-xml-2.7.14-7.11.1.s390x [............done]
(52/72) Installing: python-devel-2.7.14-7.11.1.s390x [............done]
(53/72) Installing: python2-packaging-16.8-1.23.noarch [..........done]
(54/72) Installing: python2-setuptools-40.5.0-4.21.noarch [............done]
Additional rpm output:
update-alternatives: using /usr/bin/easy_install-2.7 to provide /usr/bin/easy_install (easy_install) in auto mode


(55/72) Installing: python2-pip-10.0.1-1.9.noarch [............done]
Additional rpm output:
update-alternatives: using /usr/bin/pip2.7 to provide /usr/bin/pip (pip) in auto mode


(56/72) Installing: zlib-devel-1.2.11-3.6.4.s390x [..........done]
(57/72) Installing: sqlite3-devel-3.28.0-3.6.1.s390x [............done]
(58/72) Installing: libstdc++6-devel-gcc7-7.4.1+r270528-4.6.1.s390x [............done]
(59/72) Installing: libdb-4_8-devel-4.8.30-5.13.s390x [.......done]
(60/72) Installing: keyutils-devel-1.5.10-3.42.s390x [....done]
(61/72) Installing: gcc7-7.4.1+r270528-4.6.1.s390x [............done]
(62/72) Installing: cyrus-sasl-devel-2.1.26-5.3.1.s390x [............done]
(63/72) Installing: libopenssl-1_1-devel-1.1.0i-12.9.s390x [............done]
(64/72) Installing: gcc7-c++-7.4.1+r270528-4.6.1.s390x [............done]
(65/72) Installing: gcc-7-3.3.22.s390x [...........done]
(66/72) Installing: openldap2-devel-2.4.46-9.3.1.s390x [...........done]
(67/72) Installing: libopenssl-devel-1.1.0i-3.3.1.noarch [.....done]
(68/72) Installing: gcc-c++-7-3.3.22.s390x [.......done]
(69/72) Installing: apr-util-devel-1.6.1-4.3.8.s390x [............done]
(70/72) Installing: krb5-devel-1.16.3-3.3.4.s390x [...........done]
(71/72) Installing: libserf-devel-1.3.9-2.31.s390x [......done]
(72/72) Installing: subversion-devel-1.10.0-3.3.1.s390x [............done]
Executing %posttrans script 'java-1_8_0-ibm-1.8.0_sr5.35-3.20.1.s390x.rpm' [......done]
Configuration and Installation started 
--2019-08-28 06:26:25--  https://archive.apache.org/dist/maven/maven-3/3.3.9/binaries/apache-maven-3.3.9-bin.tar.gz
Resolving archive.apache.org (archive.apache.org)... 163.172.17.199
Connecting to archive.apache.org (archive.apache.org)|163.172.17.199|:443... connected.
HTTP request sent, awaiting response... 200 OK
Length: 8491533 (8.1M) [application/x-gzip]
Saving to: 'apache-maven-3.3.9-bin.tar.gz'

     0K .......... .......... .......... .......... ..........  0%  288K 29s
    50K .......... .......... .......... .......... ..........  1%  583K 21s
   100K .......... .......... .......... .......... ..........  1% 36.1M 14s
   150K .......... .......... .......... .......... ..........  2%  591K 14s
   200K .......... .......... .......... .......... ..........  3% 29.0M 11s
   250K .......... .......... .......... .......... ..........  3%  140M 9s
   300K .......... .......... .......... .......... ..........  4% 44.3M 8s
   350K .......... .......... .......... .......... ..........  4% 40.5M 7s
   400K .......... .......... .......... .......... ..........  5%  600K 8s
   450K .......... .......... .......... .......... ..........  6% 58.7M 7s
   500K .......... .......... .......... .......... ..........  6% 59.5M 6s
   550K .......... .......... .......... .......... ..........  7% 42.2M 6s
   600K .......... .......... .......... .......... ..........  7%  183M 5s
   650K .......... .......... .......... .......... ..........  8% 31.7M 5s
   700K .......... .......... .......... .......... ..........  9%  249M 4s
   750K .......... .......... .......... .......... ..........  9%  615K 5s
   800K .......... .......... .......... .......... .......... 10% 38.0M 5s
   850K .......... .......... .......... .......... .......... 10%  223M 4s
   900K .......... .......... .......... .......... .......... 11% 78.1M 4s
   950K .......... .......... .......... .......... .......... 12% 52.9M 4s
  1000K .......... .......... .......... .......... .......... 12%  153M 4s
  1050K .......... .......... .......... .......... .......... 13% 43.0M 3s
  1100K .......... .......... .......... .......... .......... 13%  119M 3s
  1150K .......... .......... .......... .......... .......... 14% 43.1M 3s
  1200K .......... .......... .......... .......... .......... 15%  118M 3s
  1250K .......... .......... .......... .......... .......... 15% 43.5M 3s
  1300K .......... .......... .......... .......... .......... 16%  105M 3s
  1350K .......... .......... .......... .......... .......... 16% 51.1M 3s
  1400K .......... .......... .......... .......... .......... 17%  645K 3s
  1450K .......... .......... .......... .......... .......... 18%  110M 3s
  1500K .......... .......... .......... .......... .......... 18%  198M 3s
  1550K .......... .......... .......... .......... .......... 19% 52.3M 3s
  1600K .......... .......... .......... .......... .......... 19% 83.5M 2s
  1650K .......... .......... .......... .......... .......... 20% 56.5M 2s
  1700K .......... .......... .......... .......... .......... 21%  304M 2s
  1750K .......... .......... .......... .......... .......... 21% 94.4M 2s
  1800K .......... .......... .......... .......... .......... 22% 56.0M 2s
  1850K .......... .......... .......... .......... .......... 22%  104M 2s
  1900K .......... .......... .......... .......... .......... 23%  254M 2s
  1950K .......... .......... .......... .......... .......... 24% 12.7M 2s
  2000K .......... .......... .......... .......... .......... 24% 81.4M 2s
  2050K .......... .......... .......... .......... .......... 25% 71.4M 2s
  2100K .......... .......... .......... .......... .......... 25%  308M 2s
  2150K .......... .......... .......... .......... .......... 26% 84.2M 2s
  2200K .......... .......... .......... .......... .......... 27%  133M 2s
  2250K .......... .......... .......... .......... .......... 27% 82.1M 2s
  2300K .......... .......... .......... .......... .......... 28% 85.6M 2s
  2350K .......... .......... .......... .......... .......... 28%  689K 2s
  2400K .......... .......... .......... .......... .......... 29% 33.7M 2s
  2450K .......... .......... .......... .......... .......... 30%  125M 2s
  2500K .......... .......... .......... .......... .......... 30% 92.6M 2s
  2550K .......... .......... .......... .......... .......... 31%  100M 2s
  2600K .......... .......... .......... .......... .......... 31%  117M 1s
  2650K .......... .......... .......... .......... .......... 32% 82.1M 1s
  2700K .......... .......... .......... .......... .......... 33% 99.9M 1s
  2750K .......... .......... .......... .......... .......... 33%  332M 1s
  2800K .......... .......... .......... .......... .......... 34% 90.2M 1s
  2850K .......... .......... .......... .......... .......... 34%  105M 1s
  2900K .......... .......... .......... .......... .......... 35% 99.6M 1s
  2950K .......... .......... .......... .......... .......... 36%  104M 1s
  3000K .......... .......... .......... .......... .......... 36% 91.2M 1s
  3050K .......... .......... .......... .......... .......... 37% 92.5M 1s
  3100K .......... .......... .......... .......... .......... 37%  322M 1s
  3150K .......... .......... .......... .......... .......... 38%  117M 1s
  3200K .......... .......... .......... .......... .......... 39% 95.2M 1s
  3250K .......... .......... .......... .......... .......... 39% 96.4M 1s
  3300K .......... .......... .......... .......... .......... 40%  111M 1s
  3350K .......... .......... .......... .......... .......... 41%  147M 1s
  3400K .......... .......... .......... .......... .......... 41% 27.6M 1s
  3450K .......... .......... .......... .......... .......... 42%  105M 1s
  3500K .......... .......... .......... .......... .......... 42%  146M 1s
  3550K .......... .......... .......... .......... .......... 43% 72.3M 1s
  3600K .......... .......... .......... .......... .......... 44% 73.3M 1s
  3650K .......... .......... .......... .......... .......... 44% 89.3M 1s
  3700K .......... .......... .......... .......... .......... 45%  156M 1s
  3750K .......... .......... .......... .......... .......... 45%  157M 1s
  3800K .......... .......... .......... .......... .......... 46%  122M 1s
  3850K .......... .......... .......... .......... .......... 47% 17.8M 1s
  3900K .......... .......... .......... .......... .......... 47% 89.5M 1s
  3950K .......... .......... .......... .......... .......... 48%  104M 1s
  4000K .......... .......... .......... .......... .......... 48% 81.7M 1s
  4050K .......... .......... .......... .......... .......... 49% 86.6M 1s
  4100K .......... .......... .......... .......... .......... 50%  133M 1s
  4150K .......... .......... .......... .......... .......... 50%  762K 1s
  4200K .......... .......... .......... .......... .......... 51% 38.8M 1s
  4250K .......... .......... .......... .......... .......... 51% 94.7M 1s
  4300K .......... .......... .......... .......... .......... 52%  150M 1s
  4350K .......... .......... .......... .......... .......... 53% 76.3M 1s
  4400K .......... .......... .......... .......... .......... 53% 72.5M 1s
  4450K .......... .......... .......... .......... .......... 54%  101M 1s
  4500K .......... .......... .......... .......... .......... 54%  273M 1s
  4550K .......... .......... .......... .......... .......... 55% 83.4M 1s
  4600K .......... .......... .......... .......... .......... 56% 85.6M 1s
  4650K .......... .......... .......... .......... .......... 56%  112M 1s
  4700K .......... .......... .......... .......... .......... 57%  105M 1s
  4750K .......... .......... .......... .......... .......... 57% 84.3M 1s
  4800K .......... .......... .......... .......... .......... 58%  130M 1s
  4850K .......... .......... .......... .......... .......... 59% 56.6M 1s
  4900K .......... .......... .......... .......... .......... 59% 92.2M 1s
  4950K .......... .......... .......... .......... .......... 60%  299M 1s
  5000K .......... .......... .......... .......... .......... 60% 95.6M 1s
  5050K .......... .......... .......... .......... .......... 61%  118M 0s
  5100K .......... .......... .......... .......... .......... 62% 93.6M 0s
  5150K .......... .......... .......... .......... .......... 62% 98.6M 0s
  5200K .......... .......... .......... .......... .......... 63% 83.2M 0s
  5250K .......... .......... .......... .......... .......... 63%  110M 0s
  5300K .......... .......... .......... .......... .......... 64%  320M 0s
  5350K .......... .......... .......... .......... .......... 65% 96.5M 0s
  5400K .......... .......... .......... .......... .......... 65%  101M 0s
  5450K .......... .......... .......... .......... .......... 66%  107M 0s
  5500K .......... .......... .......... .......... .......... 66%  112M 0s
  5550K .......... .......... .......... .......... .......... 67% 91.9M 0s
  5600K .......... .......... .......... .......... .......... 68% 61.6M 0s
  5650K .......... .......... .......... .......... .......... 68%  321M 0s
  5700K .......... .......... .......... .......... .......... 69% 98.7M 0s
  5750K .......... .......... .......... .......... .......... 69% 85.5M 0s
  5800K .......... .......... .......... .......... .......... 70%  112M 0s
  5850K .......... .......... .......... .......... .......... 71% 96.4M 0s
  5900K .......... .......... .......... .......... .......... 71% 85.6M 0s
  5950K .......... .......... .......... .......... .......... 72%  330M 0s
  6000K .......... .......... .......... .......... .......... 72% 86.5M 0s
  6050K .......... .......... .......... .......... .......... 73% 74.8M 0s
  6100K .......... .......... .......... .......... .......... 74%  172M 0s
  6150K .......... .......... .......... .......... .......... 74% 74.1M 0s
  6200K .......... .......... .......... .......... .......... 75%  151M 0s
  6250K .......... .......... .......... .......... .......... 75% 70.4M 0s
  6300K .......... .......... .......... .......... .......... 76%  105M 0s
  6350K .......... .......... .......... .......... .......... 77%  104M 0s
  6400K .......... .......... .......... .......... .......... 77% 97.4M 0s
  6450K .......... .......... .......... .......... .......... 78%  108M 0s
  6500K .......... .......... .......... .......... .......... 78% 90.6M 0s
  6550K .......... .......... .......... .......... .......... 79%  317M 0s
  6600K .......... .......... .......... .......... .......... 80%  103M 0s
  6650K .......... .......... .......... .......... .......... 80% 97.0M 0s
  6700K .......... .......... .......... .......... .......... 81% 89.8M 0s
  6750K .......... .......... .......... .......... .......... 82%  143M 0s
  6800K .......... .......... .......... .......... .......... 82% 67.7M 0s
  6850K .......... .......... .......... .......... .......... 83%  821K 0s
  6900K .......... .......... .......... .......... .......... 83% 80.6M 0s
  6950K .......... .......... .......... .......... .......... 84% 75.8M 0s
  7000K .......... .......... .......... .......... .......... 85%  108M 0s
  7050K .......... .......... .......... .......... .......... 85% 87.0M 0s
  7100K .......... .......... .......... .......... .......... 86%  287M 0s
  7150K .......... .......... .......... .......... .......... 86% 1.63M 0s
  7200K .......... .......... .......... .......... .......... 87% 34.7M 0s
  7250K .......... .......... .......... .......... .......... 88% 56.8M 0s
  7300K .......... .......... .......... .......... .......... 88%  129M 0s
  7350K .......... .......... .......... .......... .......... 89% 94.9M 0s
  7400K .......... .......... .......... .......... .......... 89%  260M 0s
  7450K .......... .......... .......... .......... .......... 90%  105M 0s
  7500K .......... .......... .......... .......... .......... 91% 94.3M 0s
  7550K .......... .......... .......... .......... .......... 91% 85.0M 0s
  7600K .......... .......... .......... .......... .......... 92%  127M 0s
  7650K .......... .......... .......... .......... .......... 92% 91.0M 0s
  7700K .......... .......... .......... .......... .......... 93% 92.9M 0s
  7750K .......... .......... .......... .......... .......... 94%  301M 0s
  7800K .......... .......... .......... .......... .......... 94% 59.3M 0s
  7850K .......... .......... .......... .......... .......... 95% 80.6M 0s
  7900K .......... .......... .......... .......... .......... 95%  331M 0s
  7950K .......... .......... .......... .......... .......... 96% 87.4M 0s
  8000K .......... .......... .......... .......... .......... 97% 83.8M 0s
  8050K .......... .......... .......... .......... .......... 97%  100M 0s
  8100K .......... .......... .......... .......... .......... 98% 89.0M 0s
  8150K .......... .......... .......... .......... .......... 98%  218M 0s
  8200K .......... .......... .......... .......... .......... 99% 73.6M 0s
  8250K .......... .......... .......... .......... ..        100%  300M=0.9s

2019-08-28 06:26:27 (8.91 MB/s) - 'apache-maven-3.3.9-bin.tar.gz' saved [8491533/8491533]

Cloning into 'mesos'...
Note: checking out '4ae06448466408d9ec96ede953208057609f0744'.

You are in 'detached HEAD' state. You can look around, make experimental
changes and commit them, and you can discard any commits you make in this
state without impacting any branches by performing another checkout.

If you want to create a new branch to retain commits you create, you may
do so (now or later) by using -b with the checkout command again. Example:

  git checkout -b <new-branch-name>

Cloning into 'grpc-1.11.0'...
Note: checking out 'bd44e485f69d70ca4095cea92decd98de3892aa6'.

You are in 'detached HEAD' state. You can look around, make experimental
changes and commit them, and you can discard any commits you make in this
state without impacting any branches by performing another checkout.

If you want to create a new branch to retain commits you create, you may
do so (now or later) by using -b with the checkout command again. Example:

  git checkout -b <new-branch-name>

Submodule 'third_party/cares/cares' (https://github.com/c-ares/c-ares.git) registered for path 'third_party/cares/cares'
Cloning into '/home/test/mesos/3rdparty/grpc-1.11.0/third_party/cares/cares'...
Submodule path 'third_party/cares/cares': checked out '3be1924221e1326df520f8498d704a5c4c8d0cce'
  % Total    % Received % Xferd  Average Speed   Time    Time     Time  Current
                                 Dload  Upload   Total   Spent    Left  Speed
  0     0    0     0    0     0      0      0 --:--:-- --:--:-- --:--:--     0100   837  100   837    0     0   9732      0 --:--:-- --:--:-- --:--:--  9732
./bootstrap: line 111: which: command not found
autoreconf: Entering directory `.'
autoreconf: configure.ac: not using Gettext
autoreconf: running: aclocal --warnings=all -I m4
autoreconf: configure.ac: tracing
configure.ac:1795: warning: cannot check for file existence when cross compiling
../../lib/autoconf/general.m4:2777: AC_CHECK_FILE is expanded from...
configure.ac:1795: the top level
configure.ac:1800: warning: cannot check for file existence when cross compiling
../../lib/autoconf/general.m4:2777: AC_CHECK_FILE is expanded from...
configure.ac:1800: the top level
configure.ac:2381: warning: AC_RUN_IFELSE called without default to allow cross compiling
../../lib/autoconf/general.m4:2748: AC_RUN_IFELSE is expanded from...
configure.ac:2381: the top level
autoreconf: running: libtoolize --copy
libtoolize: putting auxiliary files in '.'.
libtoolize: copying file './ltmain.sh'
libtoolize: putting macros in AC_CONFIG_MACRO_DIRS, 'm4'.
libtoolize: copying file 'm4/libtool.m4'
libtoolize: copying file 'm4/ltoptions.m4'
libtoolize: copying file 'm4/ltsugar.m4'
libtoolize: copying file 'm4/ltversion.m4'
libtoolize: copying file 'm4/lt~obsolete.m4'
autoreconf: running: /usr/bin/autoconf --warnings=all
configure.ac:1795: warning: cannot check for file existence when cross compiling
../../lib/autoconf/general.m4:2777: AC_CHECK_FILE is expanded from...
configure.ac:1795: the top level
configure.ac:1800: warning: cannot check for file existence when cross compiling
../../lib/autoconf/general.m4:2777: AC_CHECK_FILE is expanded from...
configure.ac:1800: the top level
configure.ac:2381: warning: AC_RUN_IFELSE called without default to allow cross compiling
../../lib/autoconf/general.m4:2748: AC_RUN_IFELSE is expanded from...
configure.ac:2381: the top level
autoreconf: configure.ac: not using Autoheader
autoreconf: running: automake --add-missing --copy --no-force --warnings=all
configure.ac:50: installing './ar-lib'
configure.ac:34: installing './compile'
configure.ac:24: installing './config.guess'
configure.ac:24: installing './config.sub'
configure.ac:46: installing './install-sh'
configure.ac:46: installing './missing'
3rdparty/Makefile.am:293: warning: source file '$(HTTP_PARSER)/http_parser.c' is in a subdirectory,
3rdparty/Makefile.am:293: but option 'subdir-objects' is disabled
automake: warning: possible forward-incompatibility.
automake: At least a source file is in a subdirectory, but the 'subdir-objects'
automake: automake option hasn't been enabled.  For now, the corresponding output
automake: object file(s) will be placed in the top-level directory.  However,
automake: this behaviour will change in future Automake versions: they will
automake: unconditionally cause object files to be placed in the same subdirectory
automake: of the corresponding sources.
automake: You are advised to start using 'subdir-objects' option throughout your
automake: project, to avoid future incompatibilities.
3rdparty/Makefile.am: installing './depcomp'
3rdparty/Makefile.am:255: warning: variable 'GLOG_LDFLAGS' is defined but no program or
3rdparty/Makefile.am:255: library has 'GLOG' as canonical name (possible typo)
3rdparty/stout/Makefile.am:138: warning: source file 'tests/adaptor_tests.cpp' is in a subdirectory,
3rdparty/stout/Makefile.am:138: but option 'subdir-objects' is disabled
3rdparty/stout/Makefile.am:138: warning: source file 'tests/archiver_tests.cpp' is in a subdirectory,
3rdparty/stout/Makefile.am:138: but option 'subdir-objects' is disabled
3rdparty/stout/Makefile.am:138: warning: source file 'tests/base64_tests.cpp' is in a subdirectory,
3rdparty/stout/Makefile.am:138: but option 'subdir-objects' is disabled
3rdparty/stout/Makefile.am:138: warning: source file 'tests/bits_tests.cpp' is in a subdirectory,
3rdparty/stout/Makefile.am:138: but option 'subdir-objects' is disabled
3rdparty/stout/Makefile.am:138: warning: source file 'tests/boundedhashmap_tests.cpp' is in a subdirectory,
3rdparty/stout/Makefile.am:138: but option 'subdir-objects' is disabled
3rdparty/stout/Makefile.am:138: warning: source file 'tests/bytes_tests.cpp' is in a subdirectory,
3rdparty/stout/Makefile.am:138: but option 'subdir-objects' is disabled
3rdparty/stout/Makefile.am:138: warning: source file 'tests/cache_tests.cpp' is in a subdirectory,
3rdparty/stout/Makefile.am:138: but option 'subdir-objects' is disabled
3rdparty/stout/Makefile.am:138: warning: source file 'tests/cpp17_tests.cpp' is in a subdirectory,
3rdparty/stout/Makefile.am:138: but option 'subdir-objects' is disabled
3rdparty/stout/Makefile.am:138: warning: source file 'tests/duration_tests.cpp' is in a subdirectory,
3rdparty/stout/Makefile.am:138: but option 'subdir-objects' is disabled
3rdparty/stout/Makefile.am:138: warning: source file 'tests/dynamiclibrary_tests.cpp' is in a subdirectory,
3rdparty/stout/Makefile.am:138: but option 'subdir-objects' is disabled
3rdparty/stout/Makefile.am:138: warning: source file 'tests/error_tests.cpp' is in a subdirectory,
3rdparty/stout/Makefile.am:138: but option 'subdir-objects' is disabled
3rdparty/stout/Makefile.am:138: warning: source file 'tests/flags_tests.cpp' is in a subdirectory,
3rdparty/stout/Makefile.am:138: but option 'subdir-objects' is disabled
3rdparty/stout/Makefile.am:138: warning: source file 'tests/gzip_tests.cpp' is in a subdirectory,
3rdparty/stout/Makefile.am:138: but option 'subdir-objects' is disabled
3rdparty/stout/Makefile.am:138: warning: source file 'tests/hashmap_tests.cpp' is in a subdirectory,
3rdparty/stout/Makefile.am:138: but option 'subdir-objects' is disabled
3rdparty/stout/Makefile.am:138: warning: source file 'tests/hashset_tests.cpp' is in a subdirectory,
3rdparty/stout/Makefile.am:138: but option 'subdir-objects' is disabled
3rdparty/stout/Makefile.am:138: warning: source file 'tests/interval_tests.cpp' is in a subdirectory,
3rdparty/stout/Makefile.am:138: but option 'subdir-objects' is disabled
3rdparty/stout/Makefile.am:138: warning: source file 'tests/ip_tests.cpp' is in a subdirectory,
3rdparty/stout/Makefile.am:138: but option 'subdir-objects' is disabled
3rdparty/stout/Makefile.am:138: warning: source file 'tests/json_tests.cpp' is in a subdirectory,
3rdparty/stout/Makefile.am:138: but option 'subdir-objects' is disabled
3rdparty/stout/Makefile.am:138: warning: source file 'tests/jsonify_tests.cpp' is in a subdirectory,
3rdparty/stout/Makefile.am:138: but option 'subdir-objects' is disabled
3rdparty/stout/Makefile.am:138: warning: source file 'tests/lambda_tests.cpp' is in a subdirectory,
3rdparty/stout/Makefile.am:138: but option 'subdir-objects' is disabled
3rdparty/stout/Makefile.am:138: warning: source file 'tests/linkedhashmap_tests.cpp' is in a subdirectory,
3rdparty/stout/Makefile.am:138: but option 'subdir-objects' is disabled
3rdparty/stout/Makefile.am:138: warning: source file 'tests/mac_tests.cpp' is in a subdirectory,
3rdparty/stout/Makefile.am:138: but option 'subdir-objects' is disabled
3rdparty/stout/Makefile.am:138: warning: source file 'tests/main.cpp' is in a subdirectory,
3rdparty/stout/Makefile.am:138: but option 'subdir-objects' is disabled
3rdparty/stout/Makefile.am:138: warning: source file 'tests/multimap_tests.cpp' is in a subdirectory,
3rdparty/stout/Makefile.am:138: but option 'subdir-objects' is disabled
3rdparty/stout/Makefile.am:138: warning: source file 'tests/none_tests.cpp' is in a subdirectory,
3rdparty/stout/Makefile.am:138: but option 'subdir-objects' is disabled
3rdparty/stout/Makefile.am:138: warning: source file 'tests/numify_tests.cpp' is in a subdirectory,
3rdparty/stout/Makefile.am:138: but option 'subdir-objects' is disabled
3rdparty/stout/Makefile.am:138: warning: source file 'tests/option_tests.cpp' is in a subdirectory,
3rdparty/stout/Makefile.am:138: but option 'subdir-objects' is disabled
3rdparty/stout/Makefile.am:138: warning: source file 'tests/os_tests.cpp' is in a subdirectory,
3rdparty/stout/Makefile.am:138: but option 'subdir-objects' is disabled
3rdparty/stout/Makefile.am:138: warning: source file 'tests/os/copyfile_tests.cpp' is in a subdirectory,
3rdparty/stout/Makefile.am:138: but option 'subdir-objects' is disabled
3rdparty/stout/Makefile.am:138: warning: source file 'tests/os/env_tests.cpp' is in a subdirectory,
3rdparty/stout/Makefile.am:138: but option 'subdir-objects' is disabled
3rdparty/stout/Makefile.am:138: warning: source file 'tests/os/filesystem_tests.cpp' is in a subdirectory,
3rdparty/stout/Makefile.am:138: but option 'subdir-objects' is disabled
3rdparty/stout/Makefile.am:138: warning: source file 'tests/os/process_tests.cpp' is in a subdirectory,
3rdparty/stout/Makefile.am:138: but option 'subdir-objects' is disabled
3rdparty/stout/Makefile.am:138: warning: source file 'tests/os/rmdir_tests.cpp' is in a subdirectory,
3rdparty/stout/Makefile.am:138: but option 'subdir-objects' is disabled
3rdparty/stout/Makefile.am:138: warning: source file 'tests/os/sendfile_tests.cpp' is in a subdirectory,
3rdparty/stout/Makefile.am:138: but option 'subdir-objects' is disabled
3rdparty/stout/Makefile.am:138: warning: source file 'tests/os/signals_tests.cpp' is in a subdirectory,
3rdparty/stout/Makefile.am:138: but option 'subdir-objects' is disabled
3rdparty/stout/Makefile.am:138: warning: source file 'tests/os/socket_tests.cpp' is in a subdirectory,
3rdparty/stout/Makefile.am:138: but option 'subdir-objects' is disabled
3rdparty/stout/Makefile.am:138: warning: source file 'tests/os/strerror_tests.cpp' is in a subdirectory,
3rdparty/stout/Makefile.am:138: but option 'subdir-objects' is disabled
3rdparty/stout/Makefile.am:138: warning: source file 'tests/os/systems_tests.cpp' is in a subdirectory,
3rdparty/stout/Makefile.am:138: but option 'subdir-objects' is disabled
3rdparty/stout/Makefile.am:138: warning: source file 'tests/path_tests.cpp' is in a subdirectory,
3rdparty/stout/Makefile.am:138: but option 'subdir-objects' is disabled
3rdparty/stout/Makefile.am:138: warning: source file 'tests/protobuf_tests.cpp' is in a subdirectory,
3rdparty/stout/Makefile.am:138: but option 'subdir-objects' is disabled
3rdparty/stout/Makefile.am:138: warning: source file 'tests/recordio_tests.cpp' is in a subdirectory,
3rdparty/stout/Makefile.am:138: but option 'subdir-objects' is disabled
3rdparty/stout/Makefile.am:138: warning: source file 'tests/result_tests.cpp' is in a subdirectory,
3rdparty/stout/Makefile.am:138: but option 'subdir-objects' is disabled
3rdparty/stout/Makefile.am:138: warning: source file 'tests/some_tests.cpp' is in a subdirectory,
3rdparty/stout/Makefile.am:138: but option 'subdir-objects' is disabled
3rdparty/stout/Makefile.am:138: warning: source file 'tests/strings_tests.cpp' is in a subdirectory,
3rdparty/stout/Makefile.am:138: but option 'subdir-objects' is disabled
3rdparty/stout/Makefile.am:138: warning: source file 'tests/subcommand_tests.cpp' is in a subdirectory,
3rdparty/stout/Makefile.am:138: but option 'subdir-objects' is disabled
3rdparty/stout/Makefile.am:138: warning: source file 'tests/svn_tests.cpp' is in a subdirectory,
3rdparty/stout/Makefile.am:138: but option 'subdir-objects' is disabled
3rdparty/stout/Makefile.am:138: warning: source file 'tests/try_tests.cpp' is in a subdirectory,
3rdparty/stout/Makefile.am:138: but option 'subdir-objects' is disabled
3rdparty/stout/Makefile.am:138: warning: source file 'tests/uri_tests.cpp' is in a subdirectory,
3rdparty/stout/Makefile.am:138: but option 'subdir-objects' is disabled
3rdparty/stout/Makefile.am:138: warning: source file 'tests/uuid_tests.cpp' is in a subdirectory,
3rdparty/stout/Makefile.am:138: but option 'subdir-objects' is disabled
3rdparty/stout/Makefile.am:138: warning: source file 'tests/variant_tests.cpp' is in a subdirectory,
3rdparty/stout/Makefile.am:138: but option 'subdir-objects' is disabled
3rdparty/stout/Makefile.am:138: warning: source file 'tests/version_tests.cpp' is in a subdirectory,
3rdparty/stout/Makefile.am:138: but option 'subdir-objects' is disabled
3rdparty/stout/Makefile.am:193: warning: source file 'tests/proc_tests.cpp' is in a subdirectory,
3rdparty/stout/Makefile.am:193: but option 'subdir-objects' is disabled
autoreconf: Leaving directory `.'
checking build system type... s390x-ibm-linux-gnu
checking host system type... s390x-ibm-linux-gnu
checking target system type... s390x-ibm-linux-gnu
checking for g++... g++
checking whether the C++ compiler works... yes
checking for C++ compiler default output file name... a.out
checking for suffix of executables... 
checking whether we are cross compiling... no
checking for suffix of object files... o
checking whether we are using the GNU C++ compiler... yes
checking whether g++ accepts -g... yes
checking for gcc... gcc
checking whether we are using the GNU C compiler... yes
checking whether gcc accepts -g... yes
checking for gcc option to accept ISO C89... none needed
checking whether gcc understands -c and -o together... yes
checking whether ln -s works... yes
checking for C++ compiler vendor... gnu
checking for a sed that does not truncate output... /usr/bin/sed
checking for C++ compiler version... 7.4.1
checking for C++ compiler vendor... (cached) gnu
checking for a BSD-compatible install... /usr/bin/install -c
checking whether build environment is sane... yes
checking for a thread-safe mkdir -p... /usr/bin/mkdir -p
checking for gawk... no
checking for mawk... no
checking for nawk... no
checking for awk... no
checking whether make sets $(MAKE)... yes
checking for style of include used by make... GNU
checking whether make supports nested variables... yes
checking how to create a pax tar archive... gnutar
checking dependency style of gcc... gcc3
checking dependency style of g++... gcc3
checking whether to enable maintainer-specific portions of Makefiles... yes
checking for ar... ar
checking the archiver (ar) interface... ar
checking how to print strings... printf
checking for a sed that does not truncate output... (cached) /usr/bin/sed
checking for grep that handles long lines and -e... /usr/bin/grep
checking for egrep... /usr/bin/grep -E
checking for fgrep... /usr/bin/grep -F
checking for ld used by gcc... /usr/s390x-suse-linux/bin/ld
checking if the linker (/usr/s390x-suse-linux/bin/ld) is GNU ld... yes
checking for BSD- or MS-compatible name lister (nm)... /usr/bin/nm -B
checking the name lister (/usr/bin/nm -B) interface... BSD nm
checking the maximum length of command line arguments... 1572864
checking how to convert s390x-ibm-linux-gnu file names to s390x-ibm-linux-gnu format... func_convert_file_noop
checking how to convert s390x-ibm-linux-gnu file names to toolchain format... func_convert_file_noop
checking for /usr/s390x-suse-linux/bin/ld option to reload object files... -r
checking for objdump... objdump
checking how to recognize dependent libraries... pass_all
checking for dlltool... no
checking how to associate runtime and link libraries... printf %s\n
checking for archiver @FILE support... @
checking for strip... strip
checking for ranlib... ranlib
checking command to parse /usr/bin/nm -B output from gcc object... ok
checking for sysroot... no
checking for a working dd... /usr/bin/dd
checking how to truncate binary pipes... /usr/bin/dd bs=4096 count=1
checking for mt... no
checking if : is a manifest tool... no
checking how to run the C preprocessor... gcc -E
checking for ANSI C header files... yes
checking for sys/types.h... yes
checking for sys/stat.h... yes
checking for stdlib.h... yes
checking for string.h... yes
checking for memory.h... yes
checking for strings.h... yes
checking for inttypes.h... yes
checking for stdint.h... yes
checking for unistd.h... yes
checking for dlfcn.h... yes
checking for objdir... .libs
checking if gcc supports -fno-rtti -fno-exceptions... no
checking for gcc option to produce PIC... -fPIC -DPIC
checking if gcc PIC flag -fPIC -DPIC works... yes
checking if gcc static flag -static works... no
checking if gcc supports -c -o file.o... yes
checking if gcc supports -c -o file.o... (cached) yes
checking whether the gcc linker (/usr/s390x-suse-linux/bin/ld -m elf64_s390) supports shared libraries... yes
checking whether -lc should be explicitly linked in... no
checking dynamic linker characteristics... ../configure: line 12704: awk: command not found
../configure: line 12774: awk: command not found
../configure: line 13299: awk: command not found
GNU/Linux ld.so
checking how to hardcode library paths into programs... immediate
checking whether stripping libraries is possible... yes
checking if libtool supports shared libraries... yes
checking whether to build shared libraries... yes
checking whether to build static libraries... no
checking how to run the C++ preprocessor... g++ -E
checking for ld used by g++... /usr/s390x-suse-linux/bin/ld -m elf64_s390
checking if the linker (/usr/s390x-suse-linux/bin/ld -m elf64_s390) is GNU ld... yes
checking whether the g++ linker (/usr/s390x-suse-linux/bin/ld -m elf64_s390) supports shared libraries... yes
checking for g++ option to produce PIC... -fPIC -DPIC
checking if g++ PIC flag -fPIC -DPIC works... yes
checking if g++ static flag -static works... no
checking if g++ supports -c -o file.o... yes
checking if g++ supports -c -o file.o... (cached) yes
checking whether the g++ linker (/usr/s390x-suse-linux/bin/ld -m elf64_s390) supports shared libraries... yes
checking dynamic linker characteristics... (cached) ../configure: line 17261: awk: command not found
GNU/Linux ld.so
checking how to hardcode library paths into programs... immediate
configure: creating ./config.lt
config.lt: creating libtool
checking whether to enable GC of unused sections... no
configure: Setting up CXXFLAGS for g++ version >= 4.8
checking whether C++ compiler accepts -fstack-protector-strong... yes
checking whether g++ supports C++11 features by default... yes
checking whether g++ supports C++11 features with -std=c++11... yes
checking if compiler needs -Werror to reject unknown flags... no
checking for the pthreads library -lpthreads... no
checking whether pthreads work without any flags... no
checking whether pthreads work with -Kthread... no
checking whether pthreads work with -kthread... no
checking for the pthreads library -llthread... no
checking whether pthreads work with -pthread... yes
checking for joinable pthread attribute... PTHREAD_CREATE_JOINABLE
checking if more special flags are required for pthreads... no
checking for PTHREAD_PRIO_INHERIT... yes
configure: Setting up build environment for s390x linux-gnu
checking for backtrace in -lunwind... no
checking for main in -lgflags... no
checking for patch... patch
checking fts.h usability... yes
checking fts.h presence... yes
checking for fts.h... yes
checking for library containing fts_close... none required
checking apr_pools.h usability... yes
checking apr_pools.h presence... yes
checking for apr_pools.h... yes
checking for apr_initialize in -lapr-1... yes
checking for curl_global_init in -lcurl... yes
checking whether or not we can build with JNI... yes
checking for mvn... /opt/apache-maven-3.3.9/bin/mvn
checking for javah... /usr/lib64/jvm/java-1.8.0-ibm/bin/javah
checking whether to enable launcher sealing... no
checking whether to enable the Seccomp isolator... no
checking for sasl_done in -lsasl2... yes
checking SASL CRAM-MD5 support... yes
checking for RAND_poll in -lcrypto... yes
checking openssl/ssl.h usability... yes
checking openssl/ssl.h presence... yes
checking for openssl/ssl.h... yes
checking for SSL_CTX_new in -lssl... yes
checking svn_version.h usability... yes
checking svn_version.h presence... yes
checking for svn_version.h... yes
checking for svn_stringbuf_create_ensure in -lsvn_subr-1... yes
checking svn_delta.h usability... yes
checking svn_delta.h presence... yes
checking for svn_delta.h... yes
checking for svn_txdelta in -lsvn_delta-1... yes
checking whether to enable the XFS disk isolator... no
checking zlib.h usability... yes
checking zlib.h presence... yes
checking for zlib.h... yes
checking for deflate, gzread, gzwrite, inflate in -lz... yes
checking C++ standard library for undefined behaviour with selected optimization level... no
checking for python... /usr/bin/python
checking for python version... 2.7
checking for python platform... linux2
checking for python script directory... ${prefix}/lib/python2.7/site-packages
checking for python extension module directory... ${exec_prefix}/lib64/python2.7/site-packages
checking for python2.7... (cached) /usr/bin/python
checking for a version of Python >= '2.1.0'... yes
checking for a version of Python >= '2.6'... yes
checking for the distutils Python package... yes
checking for Python include path... -I/usr/include/python2.7
checking for Python library path... -L/usr/lib64 -lpython2.7
checking for Python site-packages path... /usr/lib/python2.7/site-packages
checking python extra libraries... -lpthread -ldl  -lutil -lm
checking python extra linking flags... -Xlinker -export-dynamic
checking consistency of all components of python development environment... yes
checking whether we can build usable Python eggs... In file included from /usr/include/bits/libc-header-start.h:33:0,
                 from /usr/include/limits.h:26,
                 from /usr/lib64/gcc/s390x-suse-linux/7/include-fixed/limits.h:194,
                 from /usr/lib64/gcc/s390x-suse-linux/7/include-fixed/syslimits.h:7,
                 from /usr/lib64/gcc/s390x-suse-linux/7/include-fixed/limits.h:34,
                 from /usr/include/python2.7/Python.h:19,
                 from testpyegg.cpp:1:
/usr/include/features.h:376:4: warning: #warning _FORTIFY_SOURCE requires compiling with optimization (-O) [-Wcpp]
 #  warning _FORTIFY_SOURCE requires compiling with optimization (-O)
    ^~~~~~~
yes
checking for an old installation of the Mesos egg (before 0.20.0)... no
checking whether to enable new CLI... no
checking src/common/git_version.hpp presence... no
configure: generating src/common/git_version.hpp
checking that generated files are newer than configure... done
configure: creating ./config.status
config.status: creating Makefile
./config.status: line 1447: awk: command not found
config.status: error: could not create Makefile
Cleaned up the artifacts
Cleaned up the artifacts
